<?xml version="1.0" encoding="UTF-8"?>
<!-- Generated by org.testng.reporters.JUnitXMLReporter -->
<testsuite hostname="SAYANTIKA" name="Free CRM App Test Cases" tests="7" failures="1" timestamp="24 Jun 2019 12:14:04 GMT" time="88.838" errors="0">
  <testcase name="loginButtonTest" time="6.557" classname="com.qa.testCases.LoginPageTest"/>
  <testcase name="verifyTitleOfSignUpPageTest" time="5.173" classname="com.qa.testCases.SignUpPageTest">
    <failure type="java.lang.AssertionError" message="expected [Cogmento CRM] but found [CRM]">
      <![CDATA[java.lang.AssertionError: expected [Cogmento CRM] but found [CRM]
	at com.qa.testCases.SignUpPageTest.verifyTitleOfSignUpPageTest(SignUpPageTest.java:35)
... Removed 30 stack frames]]>
    </failure>
  </testcase> <!-- verifyTitleOfSignUpPageTest -->
  <testcase name="loginPageTitleTest" time="0.319" classname="com.qa.testCases.LoginPageTest"/>
  <testcase name="validateSignUpButtonTest" time="0.416" classname="com.qa.testCases.BasePageTest"/>
  <testcase name="loginTest" time="10.462" classname="com.qa.testCases.LoginPageTest"/>
  <testcase name="validateLoginButtonTest" time="0.227" classname="com.qa.testCases.BasePageTest"/>
  <testcase name="validateLoginTest" time="6.065" classname="com.qa.testCases.BasePageTest"/>
</testsuite> <!-- Free CRM App Test Cases -->
