<?xml version="1.0" encoding="UTF-8"?>
<testng-results skipped="0" failed="1" total="7" passed="6">
  <reporter-output>
  </reporter-output>
  <suite name="FREE CRM Application Test Automation Test Suite" duration-ms="88838" started-at="2019-06-24T12:12:35Z" finished-at="2019-06-24T12:14:04Z">
    <groups>
    </groups>
    <test name="Free CRM App Test Cases" duration-ms="88838" started-at="2019-06-24T12:12:35Z" finished-at="2019-06-24T12:14:04Z">
      <class name="com.qa.testCases.SignUpPageTest">
        <test-method status="PASS" signature="setUp()[pri:0, instance:com.qa.testCases.SignUpPageTest@58ceff1]" name="setUp" is-config="true" duration-ms="7166" started-at="2019-06-24T17:42:53Z" finished-at="2019-06-24T17:43:00Z">
          <reporter-output>
          </reporter-output>
        </test-method> <!-- setUp -->
        <test-method status="FAIL" signature="verifyTitleOfSignUpPageTest()[pri:0, instance:com.qa.testCases.SignUpPageTest@58ceff1]" name="verifyTitleOfSignUpPageTest" duration-ms="5173" started-at="2019-06-24T17:43:00Z" finished-at="2019-06-24T17:43:06Z">
          <exception class="java.lang.AssertionError">
            <message>
              <![CDATA[expected [Cogmento CRM] but found [CRM]]]>
            </message>
            <full-stacktrace>
              <![CDATA[java.lang.AssertionError: expected [Cogmento CRM] but found [CRM]
	at org.testng.Assert.fail(Assert.java:94)
	at org.testng.Assert.failNotEquals(Assert.java:513)
	at org.testng.Assert.assertEqualsImpl(Assert.java:135)
	at org.testng.Assert.assertEquals(Assert.java:116)
	at org.testng.Assert.assertEquals(Assert.java:190)
	at org.testng.Assert.assertEquals(Assert.java:200)
	at com.qa.testCases.SignUpPageTest.verifyTitleOfSignUpPageTest(SignUpPageTest.java:35)
	at sun.reflect.NativeMethodAccessorImpl.invoke0(Native Method)
	at sun.reflect.NativeMethodAccessorImpl.invoke(NativeMethodAccessorImpl.java:62)
	at sun.reflect.DelegatingMethodAccessorImpl.invoke(DelegatingMethodAccessorImpl.java:43)
	at java.lang.reflect.Method.invoke(Method.java:498)
	at org.testng.internal.MethodInvocationHelper.invokeMethod(MethodInvocationHelper.java:86)
	at org.testng.internal.Invoker.invokeMethod(Invoker.java:645)
	at org.testng.internal.Invoker.invokeTestMethod(Invoker.java:822)
	at org.testng.internal.Invoker.invokeTestMethods(Invoker.java:1130)
	at org.testng.internal.TestMethodWorker.invokeTestMethods(TestMethodWorker.java:129)
	at org.testng.internal.TestMethodWorker.run(TestMethodWorker.java:112)
	at org.testng.TestRunner.privateRun(TestRunner.java:782)
	at org.testng.TestRunner.run(TestRunner.java:632)
	at org.testng.SuiteRunner.runTest(SuiteRunner.java:366)
	at org.testng.SuiteRunner.runSequentially(SuiteRunner.java:361)
	at org.testng.SuiteRunner.privateRun(SuiteRunner.java:319)
	at org.testng.SuiteRunner.run(SuiteRunner.java:268)
	at org.testng.SuiteRunnerWorker.runSuite(SuiteRunnerWorker.java:52)
	at org.testng.SuiteRunnerWorker.run(SuiteRunnerWorker.java:86)
	at org.testng.TestNG.runSuitesSequentially(TestNG.java:1244)
	at org.testng.TestNG.runSuitesLocally(TestNG.java:1169)
	at org.testng.TestNG.run(TestNG.java:1064)
	at org.testng.remote.RemoteTestNG.run(RemoteTestNG.java:113)
	at org.testng.remote.RemoteTestNG.initAndRun(RemoteTestNG.java:206)
	at org.testng.remote.RemoteTestNG.main(RemoteTestNG.java:177)
]]>
            </full-stacktrace>
          </exception> <!-- java.lang.AssertionError -->
          <reporter-output>
          </reporter-output>
        </test-method> <!-- verifyTitleOfSignUpPageTest -->
        <test-method status="PASS" signature="tearDown()[pri:0, instance:com.qa.testCases.SignUpPageTest@58ceff1]" name="tearDown" is-config="true" duration-ms="8" started-at="2019-06-24T17:43:06Z" finished-at="2019-06-24T17:43:06Z">
          <reporter-output>
          </reporter-output>
        </test-method> <!-- tearDown -->
      </class> <!-- com.qa.testCases.SignUpPageTest -->
      <class name="com.qa.testCases.LoginPageTest">
        <test-method status="PASS" signature="setUp()[pri:0, instance:com.qa.testCases.LoginPageTest@48140564]" name="setUp" is-config="true" duration-ms="10282" started-at="2019-06-24T17:42:35Z" finished-at="2019-06-24T17:42:46Z">
          <reporter-output>
          </reporter-output>
        </test-method> <!-- setUp -->
        <test-method status="PASS" signature="loginButtonTest()[pri:0, instance:com.qa.testCases.LoginPageTest@48140564]" name="loginButtonTest" duration-ms="6557" started-at="2019-06-24T17:42:46Z" finished-at="2019-06-24T17:42:52Z">
          <reporter-output>
          </reporter-output>
        </test-method> <!-- loginButtonTest -->
        <test-method status="PASS" signature="tearDown()[pri:0, instance:com.qa.testCases.LoginPageTest@48140564]" name="tearDown" is-config="true" duration-ms="1072" started-at="2019-06-24T17:42:52Z" finished-at="2019-06-24T17:42:53Z">
          <reporter-output>
          </reporter-output>
        </test-method> <!-- tearDown -->
        <test-method status="PASS" signature="setUp()[pri:0, instance:com.qa.testCases.LoginPageTest@48140564]" name="setUp" is-config="true" duration-ms="9943" started-at="2019-06-24T17:43:06Z" finished-at="2019-06-24T17:43:16Z">
          <reporter-output>
          </reporter-output>
        </test-method> <!-- setUp -->
        <test-method status="PASS" signature="loginPageTitleTest()[pri:1, instance:com.qa.testCases.LoginPageTest@48140564]" name="loginPageTitleTest" duration-ms="319" started-at="2019-06-24T17:43:16Z" finished-at="2019-06-24T17:43:16Z">
          <reporter-output>
          </reporter-output>
        </test-method> <!-- loginPageTitleTest -->
        <test-method status="PASS" signature="tearDown()[pri:0, instance:com.qa.testCases.LoginPageTest@48140564]" name="tearDown" is-config="true" duration-ms="736" started-at="2019-06-24T17:43:16Z" finished-at="2019-06-24T17:43:17Z">
          <reporter-output>
          </reporter-output>
        </test-method> <!-- tearDown -->
        <test-method status="PASS" signature="setUp()[pri:0, instance:com.qa.testCases.LoginPageTest@48140564]" name="setUp" is-config="true" duration-ms="6975" started-at="2019-06-24T17:43:24Z" finished-at="2019-06-24T17:43:31Z">
          <reporter-output>
          </reporter-output>
        </test-method> <!-- setUp -->
        <test-method status="PASS" signature="loginTest()[pri:2, instance:com.qa.testCases.LoginPageTest@48140564]" name="loginTest" duration-ms="10462" started-at="2019-06-24T17:43:31Z" finished-at="2019-06-24T17:43:42Z">
          <reporter-output>
          </reporter-output>
        </test-method> <!-- loginTest -->
        <test-method status="PASS" signature="tearDown()[pri:0, instance:com.qa.testCases.LoginPageTest@48140564]" name="tearDown" is-config="true" duration-ms="746" started-at="2019-06-24T17:43:42Z" finished-at="2019-06-24T17:43:43Z">
          <reporter-output>
          </reporter-output>
        </test-method> <!-- tearDown -->
      </class> <!-- com.qa.testCases.LoginPageTest -->
      <class name="com.qa.testCases.BasePageTest">
        <test-method status="PASS" signature="setUp()[pri:0, instance:com.qa.testCases.BasePageTest@7c30a502]" name="setUp" is-config="true" duration-ms="6608" started-at="2019-06-24T17:43:17Z" finished-at="2019-06-24T17:43:23Z">
          <reporter-output>
          </reporter-output>
        </test-method> <!-- setUp -->
        <test-method status="PASS" signature="validateSignUpButtonTest()[pri:1, instance:com.qa.testCases.BasePageTest@7c30a502]" name="validateSignUpButtonTest" duration-ms="416" started-at="2019-06-24T17:43:23Z" finished-at="2019-06-24T17:43:24Z">
          <reporter-output>
          </reporter-output>
        </test-method> <!-- validateSignUpButtonTest -->
        <test-method status="PASS" signature="tearDown()[pri:0, instance:com.qa.testCases.BasePageTest@7c30a502]" name="tearDown" is-config="true" duration-ms="732" started-at="2019-06-24T17:43:24Z" finished-at="2019-06-24T17:43:24Z">
          <reporter-output>
          </reporter-output>
        </test-method> <!-- tearDown -->
        <test-method status="PASS" signature="setUp()[pri:0, instance:com.qa.testCases.BasePageTest@7c30a502]" name="setUp" is-config="true" duration-ms="7262" started-at="2019-06-24T17:43:43Z" finished-at="2019-06-24T17:43:50Z">
          <reporter-output>
          </reporter-output>
        </test-method> <!-- setUp -->
        <test-method status="PASS" signature="validateLoginButtonTest()[pri:2, instance:com.qa.testCases.BasePageTest@7c30a502]" name="validateLoginButtonTest" duration-ms="227" started-at="2019-06-24T17:43:50Z" finished-at="2019-06-24T17:43:50Z">
          <reporter-output>
          </reporter-output>
        </test-method> <!-- validateLoginButtonTest -->
        <test-method status="PASS" signature="tearDown()[pri:0, instance:com.qa.testCases.BasePageTest@7c30a502]" name="tearDown" is-config="true" duration-ms="716" started-at="2019-06-24T17:43:50Z" finished-at="2019-06-24T17:43:51Z">
          <reporter-output>
          </reporter-output>
        </test-method> <!-- tearDown -->
        <test-method status="PASS" signature="setUp()[pri:0, instance:com.qa.testCases.BasePageTest@7c30a502]" name="setUp" is-config="true" duration-ms="6593" started-at="2019-06-24T17:43:51Z" finished-at="2019-06-24T17:43:57Z">
          <reporter-output>
          </reporter-output>
        </test-method> <!-- setUp -->
        <test-method status="PASS" signature="validateLoginTest()[pri:3, instance:com.qa.testCases.BasePageTest@7c30a502]" name="validateLoginTest" duration-ms="6065" started-at="2019-06-24T17:43:57Z" finished-at="2019-06-24T17:44:03Z">
          <reporter-output>
          </reporter-output>
        </test-method> <!-- validateLoginTest -->
        <test-method status="PASS" signature="tearDown()[pri:0, instance:com.qa.testCases.BasePageTest@7c30a502]" name="tearDown" is-config="true" duration-ms="735" started-at="2019-06-24T17:44:03Z" finished-at="2019-06-24T17:44:04Z">
          <reporter-output>
          </reporter-output>
        </test-method> <!-- tearDown -->
      </class> <!-- com.qa.testCases.BasePageTest -->
    </test> <!-- Free CRM App Test Cases -->
  </suite> <!-- FREE CRM Application Test Automation Test Suite -->
</testng-results>
